round   0 (init)  ...  150556823
round   1 (gote)  ...   16070570
round   2 (sente) ...   16146293
round   3 (gote)  ...   11359712
round   4 (sente) ...   10735932
round   5 (gote)  ...    7169612
round   6 (sente) ...    8468788
round   7 (gote)  ...    5640751
round   8 (sente) ...    6515168
round   9 (gote)  ...    4891896
round  10 (sente) ...    5078238
round  11 (gote)  ...    3988690
round  12 (sente) ...    3926127
round  13 (gote)  ...    3231816
round  14 (sente) ...    3113487
round  15 (gote)  ...    2632113
round  16 (sente) ...    2483564
round  17 (gote)  ...    2140574
round  18 (sente) ...    1991450
round  19 (gote)  ...    1744277
round  20 (sente) ...    1627065
round  21 (gote)  ...    1433815
round  22 (sente) ...    1359478
round  23 (gote)  ...    1188089
round  24 (sente) ...    1148470
round  25 (gote)  ...     982474
round  26 (sente) ...     973859
round  27 (gote)  ...     814271
round  28 (sente) ...     830848
round  29 (gote)  ...     688856
round  30 (sente) ...     696650
round  31 (gote)  ...     567260
round  32 (sente) ...     578063
round  33 (gote)  ...     456232
round  34 (sente) ...     479592
round  35 (gote)  ...     373369
round  36 (sente) ...     392531
round  37 (gote)  ...     306891
round  38 (sente) ...     332647
round  39 (gote)  ...     264004
round  40 (sente) ...     284886
round  41 (gote)  ...     226120
round  42 (sente) ...     238192
round  43 (gote)  ...     198745
round  44 (sente) ...     199956
round  45 (gote)  ...     168015
round  46 (sente) ...     166287
round  47 (gote)  ...     141594
round  48 (sente) ...     144587
round  49 (gote)  ...     121614
round  50 (sente) ...     122561
round  51 (gote)  ...     104057
round  52 (sente) ...     103777
round  53 (gote)  ...      92101
round  54 (sente) ...      85054
round  55 (gote)  ...      76066
round  56 (sente) ...      69396
round  57 (gote)  ...      64308
round  58 (sente) ...      64478
round  59 (gote)  ...      55643
round  60 (sente) ...      57806
round  61 (gote)  ...      50696
round  62 (sente) ...      51301
round  63 (gote)  ...      43636
round  64 (sente) ...      42623
round  65 (gote)  ...      37547
round  66 (sente) ...      37385
round  67 (gote)  ...      35250
round  68 (sente) ...      34407
round  69 (gote)  ...      33329
round  70 (sente) ...      31980
round  71 (gote)  ...      30352
round  72 (sente) ...      32531
round  73 (gote)  ...      30187
round  74 (sente) ...      34555
round  75 (gote)  ...      28670
round  76 (sente) ...      31817
round  77 (gote)  ...      25482
round  78 (sente) ...      29160
round  79 (gote)  ...      22295
round  80 (sente) ...      25618
round  81 (gote)  ...      18036
round  82 (sente) ...      23665
round  83 (gote)  ...      16749
round  84 (sente) ...      22327
round  85 (gote)  ...      16256
round  86 (sente) ...      23390
round  87 (gote)  ...      17285
round  88 (sente) ...      23545
round  89 (gote)  ...      16767
round  90 (sente) ...      22263
round  91 (gote)  ...      16875
round  92 (sente) ...      20982
round  93 (gote)  ...      13800
round  94 (sente) ...      18914
round  95 (gote)  ...      12639
round  96 (sente) ...      17464
round  97 (gote)  ...      11444
round  98 (sente) ...      17779
round  99 (gote)  ...      11417
round 100 (sente) ...      16924
round 101 (gote)  ...      10391
round 102 (sente) ...      15646
round 103 (gote)  ...      11359
round 104 (sente) ...      15746
round 105 (gote)  ...      12247
round 106 (sente) ...      16174
round 107 (gote)  ...      12562
round 108 (sente) ...      14758
round 109 (gote)  ...      12335
round 110 (sente) ...      13311
round 111 (gote)  ...      12766
round 112 (sente) ...      12519
round 113 (gote)  ...      11714
round 114 (sente) ...      10543
round 115 (gote)  ...      10368
round 116 (sente) ...       9127
round 117 (gote)  ...       8944
round 118 (sente) ...       8719
round 119 (gote)  ...      10622
round 120 (sente) ...       9825
round 121 (gote)  ...      10168
round 122 (sente) ...      10089
round 123 (gote)  ...       8764
round 124 (sente) ...       8031
round 125 (gote)  ...       7451
round 126 (sente) ...       6148
round 127 (gote)  ...       6240
round 128 (sente) ...       4835
round 129 (gote)  ...       5007
round 130 (sente) ...       3953
round 131 (gote)  ...       3640
round 132 (sente) ...       3083
round 133 (gote)  ...       2574
round 134 (sente) ...       2458
round 135 (gote)  ...       2259
round 136 (sente) ...       2729
round 137 (gote)  ...       2333
round 138 (sente) ...       3993
round 139 (gote)  ...       2695
round 140 (sente) ...       3143
round 141 (gote)  ...       2258
round 142 (sente) ...       1886
round 143 (gote)  ...       1794
round 144 (sente) ...       1608
round 145 (gote)  ...       1544
round 146 (sente) ...        824
round 147 (gote)  ...        614
round 148 (sente) ...        422
round 149 (gote)  ...        509
round 150 (sente) ...        472
round 151 (gote)  ...        402
round 152 (sente) ...        551
round 153 (gote)  ...        232
round 154 (sente) ...        485
round 155 (gote)  ...        178
round 156 (sente) ...        313
round 157 (gote)  ...        162
round 158 (sente) ...        154
round 159 (gote)  ...        127
round 160 (sente) ...         85
round 161 (gote)  ...         86
round 162 (sente) ...         21
round 163 (gote)  ...         15
round 164 (sente) ...         44
round 165 (gote)  ...         10
round 166 (sente) ...         38
round 167 (gote)  ...         15
round 168 (sente) ...         27
round 169 (gote)  ...          5
round 170 (sente) ...         16
round 171 (gote)  ...          3
round 172 (sente) ...         18
round 173 (gote)  ...          0

invalid positions:  787235328 (72.96%)
drawn   positions:    4182259 (0.39%)
lost    positions:   67854640 (6.29%)
won     positions:  219712477 (20.36%)
